1712066489919	geckodriver	INFO	Listening on 127.0.0.1:49288
1712066492980	mozrunner::runner	INFO	Running command: "C:\\Program Files\\Mozilla Firefox\\firefox.exe" "--marionette" "-headless" "-no-remote" "-profile" "C:\\Users\\shour\\AppData\\Local\\Temp\\rust_mozprofilegoVYve"
*** You are running in headless mode.
console.warn: services.settings: Ignoring preference override of remote settings server
console.warn: services.settings: Allow by setting MOZ_REMOTE_SETTINGS_DEVTOOLS=1 in the environment
1712066493326	Marionette	INFO	Marionette enabled
Dynamically enable window occlusion 0
1712066493410	Marionette	INFO	Listening on port 49298
Read port: 49298
1712066493561	RemoteAgent	WARN	TLS certificate errors will be ignored for this session
[GFX1-]: RenderCompositorSWGL failed mapping default framebuffer, no dt
console.error: ({})
1712066496804	Marionette	INFO	Stopped listening on port 49298
Dynamically enable window occlusion 1
1712066767432	geckodriver	INFO	Listening on 127.0.0.1:49717
1712066770505	mozrunner::runner	INFO	Running command: "C:\\Program Files\\Mozilla Firefox\\firefox.exe" "--marionette" "-headless" "-no-remote" "-profile" "C:\\Users\\shour\\AppData\\Local\\Temp\\rust_mozprofilepM1oGr"
*** You are running in headless mode.
console.warn: services.settings: Ignoring preference override of remote settings server
console.warn: services.settings: Allow by setting MOZ_REMOTE_SETTINGS_DEVTOOLS=1 in the environment
1712066770857	Marionette	INFO	Marionette enabled
Dynamically enable window occlusion 0
1712066770939	Marionette	INFO	Listening on port 49727
Read port: 49727
1712066771080	RemoteAgent	WARN	TLS certificate errors will be ignored for this session
[GFX1-]: RenderCompositorSWGL failed mapping default framebuffer, no dt
console.error: ({})
1712066774312	Marionette	INFO	Stopped listening on port 49727
Dynamically enable window occlusion 1
1712158456353	geckodriver	INFO	Listening on 127.0.0.1:50298
1712158459396	mozrunner::runner	INFO	Running command: "C:\\Program Files\\Mozilla Firefox\\firefox.exe" "--marionette" "-headless" "-no-remote" "-profile" "C:\\Users\\shour\\AppData\\Local\\Temp\\rust_mozprofilecvi22w"
*** You are running in headless mode.
1712158525003	geckodriver	INFO	Listening on 127.0.0.1:50458
1712158528017	mozrunner::runner	INFO	Running command: "C:\\Program Files\\Mozilla Firefox\\firefox.exe" "--marionette" "-headless" "-no-remote" "-profile" "C:\\Users\\shour\\AppData\\Local\\Temp\\rust_mozprofileB3Uzn8"
*** You are running in headless mode.
console.warn: services.settings: Ignoring preference override of remote settings server
console.warn: services.settings: Allow by setting MOZ_REMOTE_SETTINGS_DEVTOOLS=1 in the environment
1712158528567	Marionette	INFO	Marionette enabled
Dynamically enable window occlusion 0
1712158528658	Marionette	INFO	Listening on port 50471
Read port: 50471
1712158528934	RemoteAgent	WARN	TLS certificate errors will be ignored for this session
[GFX1-]: RenderCompositorSWGL failed mapping default framebuffer, no dt
console.error: ({})
1712158537697	Marionette	INFO	Stopped listening on port 50471
JavaScript warning: https://connect.facebook.net/signals/config/444470064056909?v=2.9.151&r=stable&domain=indianexpress.com&hme=8ce74e881727851b4427183947937854816d72704925561b9de6420cd43214ee&ex_m=66%2C111%2C98%2C102%2C57%2C3%2C92%2C65%2C15%2C90%2C83%2C48%2C50%2C157%2C160%2C171%2C167%2C168%2C170%2C28%2C93%2C49%2C72%2C169%2C152%2C155%2C164%2C165%2C172%2C120%2C14%2C47%2C176%2C175%2C122%2C17%2C32%2C36%2C1%2C40%2C61%2C62%2C63%2C67%2C87%2C16%2C13%2C89%2C86%2C85%2C99%2C101%2C35%2C100%2C29%2C25%2C153%2C156%2C129%2C27%2C10%2C11%2C12%2C5%2C6%2C24%2C21%2C22%2C53%2C58%2C60%2C70%2C94%2C26%2C71%2C8%2C7%2C75%2C45%2C20%2C96%2C95%2C9%2C19%2C18%2C77%2C82%2C44%2C43%2C81%2C37%2C39%2C80%2C52%2C78%2C31%2C41%2C34%2C69%2C0%2C88%2C4%2C84%2C76%2C79%2C2%2C33%2C59%2C38%2C97%2C42%2C74%2C64%2C103%2C56%2C55%2C30%2C91%2C54%2C51%2C46%2C73%2C68%2C23%2C104, line 94: Script terminated by timeout at:
E@https://connect.facebook.net/signals/config/444470064056909?v=2.9.151&r=stable&domain=indianexpress.com&hme=8ce74e881727851b4427183947937854816d72704925561b9de6420cd43214ee&ex_m=66%2C111%2C98%2C102%2C57%2C3%2C92%2C65%2C15%2C90%2C83%2C48%2C50%2C157%2C160%2C171%2C167%2C168%2C170%2C28%2C93%2C49%2C72%2C169%2C152%2C155%2C164%2C165%2C172%2C120%2C14%2C47%2C176%2C175%2C122%2C17%2C32%2C36%2C1%2C40%2C61%2C62%2C63%2C67%2C87%2C16%2C13%2C89%2C86%2C85%2C99%2C101%2C35%2C100%2C29%2C25%2C153%2C156%2C129%2C27%2C10%2C11%2C12%2C5%2C6%2C24%2C21%2C22%2C53%2C58%2C60%2C70%2C94%2C26%2C71%2C8%2C7%2C75%2C45%2C20%2C96%2C95%2C9%2C19%2C18%2C77%2C82%2C44%2C43%2C81%2C37%2C39%2C80%2C52%2C78%2C31%2C41%2C34%2C69%2C0%2C88%2C4%2C84%2C76%2C79%2C2%2C33%2C59%2C38%2C97%2C42%2C74%2C64%2C103%2C56%2C55%2C30%2C91%2C54%2C51%2C46%2C73%2C68%2C23%2C104:94:2223
c@https://connect.facebook.net/signals/config/444470064056909?v=2.9.151&r=stable&domain=indianexpress.com&hme=8ce74e881727851b4427183947937854816d72704925561b9de6420cd43214ee&ex_m=66%2C111%2C98%2C102%2C57%2C3%2C92%2C65%2C15%2C90%2C83%2C48%2C50%2C157%2C160%2C171%2C167%2C168%2C170%2C28%2C93%2C49%2C72%2C169%2C152%2C155%2C164%2C165%2C172%2C120%2C14%2C47%2C176%2C175%2C122%2C17%2C32%2C36%2C1%2C40%2C61%2C62%2C63%2C67%2C87%2C16%2C13%2C89%2C86%2C85%2C99%2C101%2C35%2C100%2C29%2C25%2C153%2C156%2C129%2C27%2C10%2C11%2C12%2C5%2C6%2C24%2C21%2C22%2C53%2C58%2C60%2C70%2C94%2C26%2C71%2C8%2C7%2C75%2C45%2C20%2C96%2C95%2C9%2C19%2C18%2C77%2C82%2C44%2C43%2C81%2C37%2C39%2C80%2C52%2C78%2C31%2C41%2C34%2C69%2C0%2C88%2C4%2C84%2C76%2C79%2C2%2C33%2C59%2C38%2C97%2C42%2C74%2C64%2C103%2C56%2C55%2C30%2C91%2C54%2C51%2C46%2C73%2C68%2C23%2C104:94:3238

Dynamically enable window occlusion 1
1712158658367	geckodriver	INFO	Listening on 127.0.0.1:50570
1712158661400	mozrunner::runner	INFO	Running command: "C:\\Program Files\\Mozilla Firefox\\firefox.exe" "--marionette" "-headless" "-no-remote" "-profile" "C:\\Users\\shour\\AppData\\Local\\Temp\\rust_mozprofilelOui7d"
*** You are running in headless mode.
console.warn: services.settings: Ignoring preference override of remote settings server
console.warn: services.settings: Allow by setting MOZ_REMOTE_SETTINGS_DEVTOOLS=1 in the environment
1712158661922	Marionette	INFO	Marionette enabled
Dynamically enable window occlusion 0
1712158662020	Marionette	INFO	Listening on port 50580
Read port: 50580
1712158662251	RemoteAgent	WARN	TLS certificate errors will be ignored for this session
[GFX1-]: RenderCompositorSWGL failed mapping default framebuffer, no dt
console.error: ({})
1712158666389	Marionette	INFO	Stopped listening on port 50580
JavaScript warning: https://connect.facebook.net/signals/config/444470064056909?v=2.9.151&r=stable&domain=indianexpress.com&hme=8ce74e881727851b4427183947937854816d72704925561b9de6420cd43214ee&ex_m=66%2C111%2C98%2C102%2C57%2C3%2C92%2C65%2C15%2C90%2C83%2C48%2C50%2C157%2C160%2C171%2C167%2C168%2C170%2C28%2C93%2C49%2C72%2C169%2C152%2C155%2C164%2C165%2C172%2C120%2C14%2C47%2C176%2C175%2C122%2C17%2C32%2C36%2C1%2C40%2C61%2C62%2C63%2C67%2C87%2C16%2C13%2C89%2C86%2C85%2C99%2C101%2C35%2C100%2C29%2C25%2C153%2C156%2C129%2C27%2C10%2C11%2C12%2C5%2C6%2C24%2C21%2C22%2C53%2C58%2C60%2C70%2C94%2C26%2C71%2C8%2C7%2C75%2C45%2C20%2C96%2C95%2C9%2C19%2C18%2C77%2C82%2C44%2C43%2C81%2C37%2C39%2C80%2C52%2C78%2C31%2C41%2C34%2C69%2C0%2C88%2C4%2C84%2C76%2C79%2C2%2C33%2C59%2C38%2C97%2C42%2C74%2C64%2C103%2C56%2C55%2C30%2C91%2C54%2C51%2C46%2C73%2C68%2C23%2C104, line 94: Script terminated by timeout at:
E@https://connect.facebook.net/signals/config/444470064056909?v=2.9.151&r=stable&domain=indianexpress.com&hme=8ce74e881727851b4427183947937854816d72704925561b9de6420cd43214ee&ex_m=66%2C111%2C98%2C102%2C57%2C3%2C92%2C65%2C15%2C90%2C83%2C48%2C50%2C157%2C160%2C171%2C167%2C168%2C170%2C28%2C93%2C49%2C72%2C169%2C152%2C155%2C164%2C165%2C172%2C120%2C14%2C47%2C176%2C175%2C122%2C17%2C32%2C36%2C1%2C40%2C61%2C62%2C63%2C67%2C87%2C16%2C13%2C89%2C86%2C85%2C99%2C101%2C35%2C100%2C29%2C25%2C153%2C156%2C129%2C27%2C10%2C11%2C12%2C5%2C6%2C24%2C21%2C22%2C53%2C58%2C60%2C70%2C94%2C26%2C71%2C8%2C7%2C75%2C45%2C20%2C96%2C95%2C9%2C19%2C18%2C77%2C82%2C44%2C43%2C81%2C37%2C39%2C80%2C52%2C78%2C31%2C41%2C34%2C69%2C0%2C88%2C4%2C84%2C76%2C79%2C2%2C33%2C59%2C38%2C97%2C42%2C74%2C64%2C103%2C56%2C55%2C30%2C91%2C54%2C51%2C46%2C73%2C68%2C23%2C104:94:2223
c@https://connect.facebook.net/signals/config/444470064056909?v=2.9.151&r=stable&domain=indianexpress.com&hme=8ce74e881727851b4427183947937854816d72704925561b9de6420cd43214ee&ex_m=66%2C111%2C98%2C102%2C57%2C3%2C92%2C65%2C15%2C90%2C83%2C48%2C50%2C157%2C160%2C171%2C167%2C168%2C170%2C28%2C93%2C49%2C72%2C169%2C152%2C155%2C164%2C165%2C172%2C120%2C14%2C47%2C176%2C175%2C122%2C17%2C32%2C36%2C1%2C40%2C61%2C62%2C63%2C67%2C87%2C16%2C13%2C89%2C86%2C85%2C99%2C101%2C35%2C100%2C29%2C25%2C153%2C156%2C129%2C27%2C10%2C11%2C12%2C5%2C6%2C24%2C21%2C22%2C53%2C58%2C60%2C70%2C94%2C26%2C71%2C8%2C7%2C75%2C45%2C20%2C96%2C95%2C9%2C19%2C18%2C77%2C82%2C44%2C43%2C81%2C37%2C39%2C80%2C52%2C78%2C31%2C41%2C34%2C69%2C0%2C88%2C4%2C84%2C76%2C79%2C2%2C33%2C59%2C38%2C97%2C42%2C74%2C64%2C103%2C56%2C55%2C30%2C91%2C54%2C51%2C46%2C73%2C68%2C23%2C104:94:3238

Dynamically enable window occlusion 1
1712160477102	geckodriver	INFO	Listening on 127.0.0.1:51223
1712160480175	mozrunner::runner	INFO	Running command: "C:\\Program Files\\Mozilla Firefox\\firefox.exe" "--marionette" "-headless" "-no-remote" "-profile" "C:\\Users\\shour\\AppData\\Local\\Temp\\rust_mozprofilefEqHJF"
*** You are running in headless mode.
console.warn: services.settings: Ignoring preference override of remote settings server
console.warn: services.settings: Allow by setting MOZ_REMOTE_SETTINGS_DEVTOOLS=1 in the environment
1712160480469	Marionette	INFO	Marionette enabled
Dynamically enable window occlusion 0
1712160480518	Marionette	INFO	Listening on port 51233
Read port: 51233
1712160480640	RemoteAgent	WARN	TLS certificate errors will be ignored for this session
[GFX1-]: RenderCompositorSWGL failed mapping default framebuffer, no dt
console.error: ({})
1712160484337	Marionette	INFO	Stopped listening on port 51233
JavaScript warning: https://connect.facebook.net/signals/config/444470064056909?v=2.9.151&r=stable&domain=indianexpress.com&hme=8ce74e881727851b4427183947937854816d72704925561b9de6420cd43214ee&ex_m=66%2C111%2C98%2C102%2C57%2C3%2C92%2C65%2C15%2C90%2C83%2C48%2C50%2C157%2C160%2C171%2C167%2C168%2C170%2C28%2C93%2C49%2C72%2C169%2C152%2C155%2C164%2C165%2C172%2C120%2C14%2C47%2C176%2C175%2C122%2C17%2C32%2C36%2C1%2C40%2C61%2C62%2C63%2C67%2C87%2C16%2C13%2C89%2C86%2C85%2C99%2C101%2C35%2C100%2C29%2C25%2C153%2C156%2C129%2C27%2C10%2C11%2C12%2C5%2C6%2C24%2C21%2C22%2C53%2C58%2C60%2C70%2C94%2C26%2C71%2C8%2C7%2C75%2C45%2C20%2C96%2C95%2C9%2C19%2C18%2C77%2C82%2C44%2C43%2C81%2C37%2C39%2C80%2C52%2C78%2C31%2C41%2C34%2C69%2C0%2C88%2C4%2C84%2C76%2C79%2C2%2C33%2C59%2C38%2C97%2C42%2C74%2C64%2C103%2C56%2C55%2C30%2C91%2C54%2C51%2C46%2C73%2C68%2C23%2C104, line 94: Script terminated by timeout at:
E@https://connect.facebook.net/signals/config/444470064056909?v=2.9.151&r=stable&domain=indianexpress.com&hme=8ce74e881727851b4427183947937854816d72704925561b9de6420cd43214ee&ex_m=66%2C111%2C98%2C102%2C57%2C3%2C92%2C65%2C15%2C90%2C83%2C48%2C50%2C157%2C160%2C171%2C167%2C168%2C170%2C28%2C93%2C49%2C72%2C169%2C152%2C155%2C164%2C165%2C172%2C120%2C14%2C47%2C176%2C175%2C122%2C17%2C32%2C36%2C1%2C40%2C61%2C62%2C63%2C67%2C87%2C16%2C13%2C89%2C86%2C85%2C99%2C101%2C35%2C100%2C29%2C25%2C153%2C156%2C129%2C27%2C10%2C11%2C12%2C5%2C6%2C24%2C21%2C22%2C53%2C58%2C60%2C70%2C94%2C26%2C71%2C8%2C7%2C75%2C45%2C20%2C96%2C95%2C9%2C19%2C18%2C77%2C82%2C44%2C43%2C81%2C37%2C39%2C80%2C52%2C78%2C31%2C41%2C34%2C69%2C0%2C88%2C4%2C84%2C76%2C79%2C2%2C33%2C59%2C38%2C97%2C42%2C74%2C64%2C103%2C56%2C55%2C30%2C91%2C54%2C51%2C46%2C73%2C68%2C23%2C104:94:2223
c@https://connect.facebook.net/signals/config/444470064056909?v=2.9.151&r=stable&domain=indianexpress.com&hme=8ce74e881727851b4427183947937854816d72704925561b9de6420cd43214ee&ex_m=66%2C111%2C98%2C102%2C57%2C3%2C92%2C65%2C15%2C90%2C83%2C48%2C50%2C157%2C160%2C171%2C167%2C168%2C170%2C28%2C93%2C49%2C72%2C169%2C152%2C155%2C164%2C165%2C172%2C120%2C14%2C47%2C176%2C175%2C122%2C17%2C32%2C36%2C1%2C40%2C61%2C62%2C63%2C67%2C87%2C16%2C13%2C89%2C86%2C85%2C99%2C101%2C35%2C100%2C29%2C25%2C153%2C156%2C129%2C27%2C10%2C11%2C12%2C5%2C6%2C24%2C21%2C22%2C53%2C58%2C60%2C70%2C94%2C26%2C71%2C8%2C7%2C75%2C45%2C20%2C96%2C95%2C9%2C19%2C18%2C77%2C82%2C44%2C43%2C81%2C37%2C39%2C80%2C52%2C78%2C31%2C41%2C34%2C69%2C0%2C88%2C4%2C84%2C76%2C79%2C2%2C33%2C59%2C38%2C97%2C42%2C74%2C64%2C103%2C56%2C55%2C30%2C91%2C54%2C51%2C46%2C73%2C68%2C23%2C104:94:3238

Dynamically enable window occlusion 1
1712160599885	geckodriver	INFO	Listening on 127.0.0.1:51352
1712160602946	mozrunner::runner	INFO	Running command: "C:\\Program Files\\Mozilla Firefox\\firefox.exe" "--marionette" "-headless" "-no-remote" "-profile" "C:\\Users\\shour\\AppData\\Local\\Temp\\rust_mozprofileOWlTIi"
*** You are running in headless mode.
console.warn: services.settings: Ignoring preference override of remote settings server
console.warn: services.settings: Allow by setting MOZ_REMOTE_SETTINGS_DEVTOOLS=1 in the environment
1712160603261	Marionette	INFO	Marionette enabled
Dynamically enable window occlusion 0
1712160603315	Marionette	INFO	Listening on port 51362
Read port: 51362
1712160603440	RemoteAgent	WARN	TLS certificate errors will be ignored for this session
[GFX1-]: RenderCompositorSWGL failed mapping default framebuffer, no dt
console.error: ({})
1712160606601	Marionette	INFO	Stopped listening on port 51362
JavaScript warning: https://connect.facebook.net/signals/config/444470064056909?v=2.9.151&r=stable&domain=indianexpress.com&hme=8ce74e881727851b4427183947937854816d72704925561b9de6420cd43214ee&ex_m=66%2C111%2C98%2C102%2C57%2C3%2C92%2C65%2C15%2C90%2C83%2C48%2C50%2C157%2C160%2C171%2C167%2C168%2C170%2C28%2C93%2C49%2C72%2C169%2C152%2C155%2C164%2C165%2C172%2C120%2C14%2C47%2C176%2C175%2C122%2C17%2C32%2C36%2C1%2C40%2C61%2C62%2C63%2C67%2C87%2C16%2C13%2C89%2C86%2C85%2C99%2C101%2C35%2C100%2C29%2C25%2C153%2C156%2C129%2C27%2C10%2C11%2C12%2C5%2C6%2C24%2C21%2C22%2C53%2C58%2C60%2C70%2C94%2C26%2C71%2C8%2C7%2C75%2C45%2C20%2C96%2C95%2C9%2C19%2C18%2C77%2C82%2C44%2C43%2C81%2C37%2C39%2C80%2C52%2C78%2C31%2C41%2C34%2C69%2C0%2C88%2C4%2C84%2C76%2C79%2C2%2C33%2C59%2C38%2C97%2C42%2C74%2C64%2C103%2C56%2C55%2C30%2C91%2C54%2C51%2C46%2C73%2C68%2C23%2C104, line 94: Script terminated by timeout at:
E@https://connect.facebook.net/signals/config/444470064056909?v=2.9.151&r=stable&domain=indianexpress.com&hme=8ce74e881727851b4427183947937854816d72704925561b9de6420cd43214ee&ex_m=66%2C111%2C98%2C102%2C57%2C3%2C92%2C65%2C15%2C90%2C83%2C48%2C50%2C157%2C160%2C171%2C167%2C168%2C170%2C28%2C93%2C49%2C72%2C169%2C152%2C155%2C164%2C165%2C172%2C120%2C14%2C47%2C176%2C175%2C122%2C17%2C32%2C36%2C1%2C40%2C61%2C62%2C63%2C67%2C87%2C16%2C13%2C89%2C86%2C85%2C99%2C101%2C35%2C100%2C29%2C25%2C153%2C156%2C129%2C27%2C10%2C11%2C12%2C5%2C6%2C24%2C21%2C22%2C53%2C58%2C60%2C70%2C94%2C26%2C71%2C8%2C7%2C75%2C45%2C20%2C96%2C95%2C9%2C19%2C18%2C77%2C82%2C44%2C43%2C81%2C37%2C39%2C80%2C52%2C78%2C31%2C41%2C34%2C69%2C0%2C88%2C4%2C84%2C76%2C79%2C2%2C33%2C59%2C38%2C97%2C42%2C74%2C64%2C103%2C56%2C55%2C30%2C91%2C54%2C51%2C46%2C73%2C68%2C23%2C104:94:2223
c@https://connect.facebook.net/signals/config/444470064056909?v=2.9.151&r=stable&domain=indianexpress.com&hme=8ce74e881727851b4427183947937854816d72704925561b9de6420cd43214ee&ex_m=66%2C111%2C98%2C102%2C57%2C3%2C92%2C65%2C15%2C90%2C83%2C48%2C50%2C157%2C160%2C171%2C167%2C168%2C170%2C28%2C93%2C49%2C72%2C169%2C152%2C155%2C164%2C165%2C172%2C120%2C14%2C47%2C176%2C175%2C122%2C17%2C32%2C36%2C1%2C40%2C61%2C62%2C63%2C67%2C87%2C16%2C13%2C89%2C86%2C85%2C99%2C101%2C35%2C100%2C29%2C25%2C153%2C156%2C129%2C27%2C10%2C11%2C12%2C5%2C6%2C24%2C21%2C22%2C53%2C58%2C60%2C70%2C94%2C26%2C71%2C8%2C7%2C75%2C45%2C20%2C96%2C95%2C9%2C19%2C18%2C77%2C82%2C44%2C43%2C81%2C37%2C39%2C80%2C52%2C78%2C31%2C41%2C34%2C69%2C0%2C88%2C4%2C84%2C76%2C79%2C2%2C33%2C59%2C38%2C97%2C42%2C74%2C64%2C103%2C56%2C55%2C30%2C91%2C54%2C51%2C46%2C73%2C68%2C23%2C104:94:3238

Dynamically enable window occlusion 1
1712160673486	geckodriver	INFO	Listening on 127.0.0.1:58743
1712160676524	mozrunner::runner	INFO	Running command: "C:\\Program Files\\Mozilla Firefox\\firefox.exe" "--marionette" "-headless" "-no-remote" "-profile" "C:\\Users\\shour\\AppData\\Local\\Temp\\rust_mozprofileaS6YUI"
*** You are running in headless mode.
console.warn: services.settings: Ignoring preference override of remote settings server
console.warn: services.settings: Allow by setting MOZ_REMOTE_SETTINGS_DEVTOOLS=1 in the environment
1712160676867	Marionette	INFO	Marionette enabled
Dynamically enable window occlusion 0
1712160676919	Marionette	INFO	Listening on port 58757
Read port: 58757
1712160677029	RemoteAgent	WARN	TLS certificate errors will be ignored for this session
[GFX1-]: RenderCompositorSWGL failed mapping default framebuffer, no dt
console.error: ({})
1712160680088	Marionette	INFO	Stopped listening on port 58757
Dynamically enable window occlusion 1
